#
# There is insufficient memory for the Java Runtime Environment to continue.
# Native memory allocation (malloc) failed to allocate 1048576 bytes for AllocateHeap
# Possible reasons:
#   The system is out of physical RAM or swap space
#   The process is running with CompressedOops enabled, and the Java Heap may be blocking the growth of the native heap
# Possible solutions:
#   Reduce memory load on the system
#   Increase physical memory or swap space
#   Check if swap backing store is full
#   Decrease Java heap size (-Xmx/-Xms)
#   Decrease number of Java threads
#   Decrease Java thread stack sizes (-Xss)
#   Set larger code cache with -XX:ReservedCodeCacheSize=
#   JVM is running with Unscaled Compressed Oops mode in which the Java heap is
#     placed in the first 4GB address space. The Java Heap base address is the
#     maximum limit for the native heap growth. Please use -XX:HeapBaseMinAddress
#     to set the Java Heap base and to place the Java Heap above 4GB virtual address.
# This output file may be truncated or incomplete.
#
#  Out of Memory Error (memory/allocation.inline.hpp:61), pid=10352, tid=0x00000000000014b8
#
# JRE version:  (8.0_202-b49) (build )
# Java VM: OpenJDK 64-Bit Server VM (25.202-b49 mixed mode windows-amd64 compressed oops)
# Failed to write core dump. Minidumps are not enabled by default on client versions of Windows
#

---------------  T H R E A D  ---------------

Current thread (0x00000000053ee800):  JavaThread "Unknown thread" [_thread_in_vm, id=5304, stack(0x00000000054f0000,0x00000000055f0000)]

Stack: [0x00000000054f0000,0x00000000055f0000]
[error occurred during error reporting (printing stack bounds), id 0xc0000005]

Native frames: (J=compiled Java code, j=interpreted, Vv=VM code, C=native code)


---------------  P R O C E S S  ---------------

Java Threads: ( => current thread )

Other Threads:

=>0x00000000053ee800 (exited) JavaThread "Unknown thread" [_thread_in_vm, id=5304, stack(0x00000000054f0000,0x00000000055f0000)]

VM state:not at safepoint (normal execution)

VM Mutex/Monitor currently owned by a thread: None

heap address: 0x0000000081200000, size: 2030 MB, Compressed Oops mode: 32-bit
Narrow klass base: 0x0000000000000000, Narrow klass shift: 3
Compressed class space size: 1073741824 Address: 0x0000000100000000

Heap:
 PSYoungGen      total 38400K, used 665K [0x00000000d5b80000, 0x00000000d8600000, 0x0000000100000000)
  eden space 33280K, 2% used [0x00000000d5b80000,0x00000000d5c26670,0x00000000d7c00000)
  from space 5120K, 0% used [0x00000000d8100000,0x00000000d8100000,0x00000000d8600000)
  to   space 5120K, 0% used [0x00000000d7c00000,0x00000000d7c00000,0x00000000d8100000)
 ParOldGen       total 87552K, used 0K [0x0000000081200000, 0x0000000086780000, 0x00000000d5b80000)
  object space 87552K, 0% used [0x0000000081200000,0x0000000081200000,0x0000000086780000)
 Metaspace       used 777K, capacity 4480K, committed 4480K, reserved 1056768K
  class space    used 74K, capacity 384K, committed 384K, reserved 1048576K

Card table byte_map: [0x0000000014ab0000,0x0000000014eb0000] byte_map_base: 0x00000000146a7000

Marking Bits: (ParMarkBitMap*) 0x00000000678a9f30
 Begin Bits: [0x0000000015560000, 0x0000000017518000)
 End Bits:   [0x0000000017518000, 0x00000000194d0000)

Polling page: 0x0000000004f90000

CodeCache: size=245760Kb used=328Kb max_used=328Kb free=245431Kb
 bounds [0x00000000056f0000, 0x0000000005960000, 0x00000000146f0000]
 total_blobs=57 nmethods=0 adapters=38
 compilation: enabled

Compilation events (0 events):
No events

GC Heap History (0 events):
No events

Deoptimization events (0 events):
No events

Classes redefined (0 events):
No events

Internal exceptions (0 events):
No events

Events (10 events):
Event: 0.023 loading class java/lang/Short
Event: 0.023 loading class java/lang/Short done
Event: 0.023 loading class java/lang/Integer
Event: 0.023 loading class java/lang/Integer done
Event: 0.023 loading class java/lang/Long
Event: 0.023 loading class java/lang/Long done
Event: 0.024 loading class java/lang/NullPointerException
Event: 0.024 loading class java/lang/NullPointerException done
Event: 0.024 loading class java/lang/ArithmeticException
Event: 0.024 loading class java/lang/ArithmeticException done


Dynamic libraries:
0x00007ff60bfd0000 - 0x00007ff60c001000 	C:\Program Files\JetBrains\WebStorm 2019.1.2\jre64\bin\java.exe
0x00007ffd97f60000 - 0x00007ffd98140000 	C:\WINDOWS\SYSTEM32\ntdll.dll
0x00007ffd955b0000 - 0x00007ffd9565e000 	C:\WINDOWS\System32\KERNEL32.DLL
0x00007ffd94ea0000 - 0x00007ffd95106000 	C:\WINDOWS\System32\KERNELBASE.dll
0x00007ffd95790000 - 0x00007ffd95831000 	C:\WINDOWS\System32\ADVAPI32.dll
0x00007ffd95d20000 - 0x00007ffd95dbd000 	C:\WINDOWS\System32\msvcrt.dll
0x00007ffd95730000 - 0x00007ffd9578b000 	C:\WINDOWS\System32\sechost.dll
0x00007ffd95a70000 - 0x00007ffd95b8f000 	C:\WINDOWS\System32\RPCRT4.dll
0x00007ffd95dd0000 - 0x00007ffd95f5f000 	C:\WINDOWS\System32\USER32.dll
0x00007ffd94de0000 - 0x00007ffd94e00000 	C:\WINDOWS\System32\win32u.dll
0x00007ffd97f00000 - 0x00007ffd97f28000 	C:\WINDOWS\System32\GDI32.dll
0x00007ffd95290000 - 0x00007ffd95423000 	C:\WINDOWS\System32\gdi32full.dll
0x00007ffd94e00000 - 0x00007ffd94e9b000 	C:\WINDOWS\System32\msvcp_win.dll
0x00007ffd943c0000 - 0x00007ffd944b6000 	C:\WINDOWS\System32\ucrtbase.dll
0x00007ffd8dcb0000 - 0x00007ffd8df19000 	C:\WINDOWS\WinSxS\amd64_microsoft.windows.common-controls_6595b64144ccf1df_6.0.16299.492_none_15c8d3609364b9b0\COMCTL32.dll
0x00007ffd97bf0000 - 0x00007ffd97ef7000 	C:\WINDOWS\System32\combase.dll
0x00007ffd95160000 - 0x00007ffd951d2000 	C:\WINDOWS\System32\bcryptPrimitives.dll
0x00007ffd958f0000 - 0x00007ffd9591d000 	C:\WINDOWS\System32\IMM32.DLL
0x0000000067000000 - 0x00000000670d2000 	C:\Program Files\JetBrains\WebStorm 2019.1.2\jre64\bin\msvcr100.dll
0x00000000670e0000 - 0x0000000067926000 	C:\Program Files\JetBrains\WebStorm 2019.1.2\jre64\bin\server\jvm.dll
0x00007ffd95dc0000 - 0x00007ffd95dc8000 	C:\WINDOWS\System32\PSAPI.DLL
0x00007ffd92540000 - 0x00007ffd92563000 	C:\WINDOWS\SYSTEM32\WINMM.dll
0x00007ffd89d40000 - 0x00007ffd89d49000 	C:\WINDOWS\SYSTEM32\WSOCK32.dll
0x00007ffd95fc0000 - 0x00007ffd9602c000 	C:\WINDOWS\System32\WS2_32.dll
0x00007ffd8ef60000 - 0x00007ffd8ef6a000 	C:\WINDOWS\SYSTEM32\VERSION.dll
0x00007ffd924d0000 - 0x00007ffd924fa000 	C:\WINDOWS\SYSTEM32\winmmbase.dll
0x00007ffd95110000 - 0x00007ffd9515a000 	C:\WINDOWS\System32\cfgmgr32.dll
0x00007ffd83ed0000 - 0x00007ffd83edf000 	C:\Program Files\JetBrains\WebStorm 2019.1.2\jre64\bin\verify.dll
0x00007ffd73eb0000 - 0x00007ffd73ed9000 	C:\Program Files\JetBrains\WebStorm 2019.1.2\jre64\bin\java.dll
0x00007ffd83eb0000 - 0x00007ffd83ec6000 	C:\Program Files\JetBrains\WebStorm 2019.1.2\jre64\bin\zip.dll

VM Arguments:
java_command: org.jetbrains.git4idea.http.GitAskPassApp Username for 'http://git.tech.nanhaicorp.com': 
java_class_path (initial): C:/Program Files/JetBrains/WebStorm 2019.1.2/plugins/git4idea/lib/git4idea-rt.jar;C:/Program Files/JetBrains/WebStorm 2019.1.2/lib/xmlrpc-2.0.1.jar;C:/Program Files/JetBrains/WebStorm 2019.1.2/lib/commons-codec-1.10.jar;C:/Program Files/JetBrains/WebStorm 2019.1.2/lib/util.jar
Launcher Type: SUN_STANDARD

Environment Variables:
PATH=C:/Program Files/Git/mingw64/libexec/git-core;C:/Program Files/Git/mingw64/libexec/git-core;C:\Program Files\Git\mingw64\bin;C:\Program Files\Git\usr\bin;C:\Users\Administrator\bin;C:\WINDOWS\system32;C:\WINDOWS;C:\WINDOWS\System32\Wbem;C:\WINDOWS\System32\WindowsPowerShell\v1.0\;C:\Program Files\nodejs\;C:\Program Files\Git\cmd;C:\Users\Administrator\AppData\Local\Microsoft\WindowsApps;C:\Users\Administrator\AppData\Roaming\npm;;C:\Users\Administrator\AppData\Local\Programs\Microsoft VS Code\bin
USERNAME=Administrator
DISPLAY=:0.0
OS=Windows_NT
PROCESSOR_IDENTIFIER=Intel64 Family 6 Model 94 Stepping 3, GenuineIntel



---------------  S Y S T E M  ---------------

OS: Windows 10.0 , 64 bit Build 16299 (10.0.16299.431)

CPU:total 4 (initial active 4) (4 cores per cpu, 1 threads per core) family 6 model 94 stepping 3, cmov, cx8, fxsr, mmx, sse, sse2, sse3, ssse3, sse4.1, sse4.2, popcnt, avx, avx2, aes, clmul, erms, rtm, 3dnowpref, lzcnt, tsc, tscinvbit, bmi1, bmi2, adx

Memory: 4k page, physical 8307344k(500732k free), swap 13550224k(4452k free)

vm_info: OpenJDK 64-Bit Server VM (25.202-b49) for windows-amd64 JRE (1.8.0_202-release-1483-b49), built on Apr 10 2019 16:54:32 by "builduser" with MS VC++ 10.0 (VS2010)

time: Mon Jun 24 15:40:08 2019
timezone: 中国标准时间
elapsed time: 0 seconds (0d 0h 0m 0s)

